C51 COMPILER V9.60.0.0   LEDLIGHT                                                          10/13/2024 13:35:53 PAGE 1   


C51 COMPILER V9.60.0.0, COMPILATION OF MODULE LEDLIGHT
OBJECT MODULE PLACED IN .\Objects\ledlight.obj
COMPILER INVOKED BY: D:\keil\C51\BIN\C51.EXE ledlight.c OPTIMIZE(8,SPEED) BROWSE DEBUG OBJECTEXTEND PRINT(.\Listings\led
                    -light.lst) TABS(2) OBJECT(.\Objects\ledlight.obj)

line level    source

   1          #include <reg51.h>  // 包含8051寄存器定义
   2          
   3          // 定义延时函数
   4          void delay(unsigned int time) {
   5   1          unsigned int i, j;
   6   1          for (i = 0; i < time; i++) {
   7   2              for (j = 0; j < 127; j++) {
   8   3                  // 空循环达到延时的效果
   9   3              }
  10   2          }
  11   1      }
  12          
  13          // 定义LED花样1
  14          void pattern1() {
  15   1          unsigned char i;
  16   1          for (i = 0; i < 3; i++) {  // 花样1循环3次
  17   2              P3 = 0xAA;  // 偶数LED亮（10101010）
  18   2              delay(500);
  19   2              P3 = 0x55;  // 奇数LED亮（01010101）
  20   2              delay(500);
  21   2          }
  22   1      }
  23          
  24          // 定义LED花样2
  25          void pattern2() {
  26   1          unsigned char i;
  27   1          for (i = 0; i < 3; i++) {  // 花样2循环3次
  28   2              P3 = 0x0F;  // 低4位亮（00001111）
  29   2              delay(500);
  30   2              P3 = 0xF0;  // 高4位亮（11110000）
  31   2              delay(500);
  32   2          }
  33   1      }
  34          
  35          // 定义LED花样3
  36          void pattern3() {
  37   1          unsigned char i;
  38   1          for (i = 0; i < 3; i++) {  // 花样3循环3次
  39   2              P3 = 0xFF;  // 全亮（11111111）
  40   2              delay(500);
  41   2              P3 = 0x00;  // 全灭（00000000）
  42   2              delay(500);
  43   2          }
  44   1      }
  45          
  46          


MODULE INFORMATION:   STATIC OVERLAYABLE
   CODE SIZE        =    120    ----
   CONSTANT SIZE    =   ----    ----
   XDATA SIZE       =   ----    ----
   PDATA SIZE       =   ----    ----
   DATA SIZE        =   ----    ----
C51 COMPILER V9.60.0.0   LEDLIGHT                                                          10/13/2024 13:35:53 PAGE 2   

   IDATA SIZE       =   ----    ----
   BIT SIZE         =   ----    ----
END OF MODULE INFORMATION.


C51 COMPILATION COMPLETE.  0 WARNING(S),  0 ERROR(S)
