C51 COMPILER V9.60.0.0   MAIN                                                              10/14/2024 11:32:48 PAGE 1   


C51 COMPILER V9.60.0.0, COMPILATION OF MODULE MAIN
OBJECT MODULE PLACED IN .\Objects\main.obj
COMPILER INVOKED BY: D:\keil\C51\BIN\C51.EXE main.c OPTIMIZE(8,SPEED) BROWSE DEBUG OBJECTEXTEND PRINT(.\Listings\main.ls
                    -t) TABS(2) OBJECT(.\Objects\main.obj)

line level    source

   1          #include <REGX52.H>
   2          #include "Delay.h"
   3          #include "LCD1602.h"
   4          #include "MatrixKey.h"
   5          
   6          unsigned char KeyNum;
   7          sbit beep = P2^0;
   8          sbit LED = P3;
   9          
  10          void pattern1(void);
  11          void pattern2(void);
  12          void pattern3(void);
  13          
  14          void External0_ISR(void) interrupt 0 {
  15   1         LCD_ShowNum(2, 1, KeyNum, 2);
  16   1          beep = 0;
  17   1          Delay(200);
  18   1          beep = 1;
  19   1          Delay(1000);
  20   1          
  21   1          pattern1();
  22   1          pattern2();
  23   1          pattern3();
  24   1      }
  25          
  26          void main() {
  27   1          LCD_Init();
  28   1          LCD_ShowString(1, 1, "MatrixKey:");
  29   1          
  30   1          IT0 = 1;
  31   1          EX0 = 1;
  32   1          EA = 1;
  33   1      
  34   1          while(1) {
  35   2              KeyNum = MatrixKey();
  36   2              if(KeyNum ) {
  37   3                  LCD_ShowNum(2, 1, KeyNum, 2);
  38   3              }
  39   2          }
  40   1      }
  41          
  42          void pattern1() {
  43   1          unsigned char i;
  44   1          for (i = 0; i < 3; i++) {
  45   2              P3 = 0xAA;
  46   2              Delay(500);  
  47   2              P3 = 0x55;
  48   2              Delay(500);
  49   2          }
  50   1      }
  51          
  52          void pattern2() {
  53   1          unsigned char i;
  54   1          for (i = 0; i < 3; i++) {
C51 COMPILER V9.60.0.0   MAIN                                                              10/14/2024 11:32:48 PAGE 2   

  55   2              P3 = 0x0F;
  56   2              Delay(500);  
  57   2              P3 = 0xF0;
  58   2              Delay(500);
  59   2          }
  60   1      }
  61          
  62          void pattern3() {
  63   1          unsigned char i;
  64   1          for (i = 0; i < 3; i++) {
  65   2              P3 = 0xFF;
  66   2              Delay(500);  
  67   2              P3 = 0x00;
  68   2              Delay(500);
  69   2          }
  70   1      }


MODULE INFORMATION:   STATIC OVERLAYABLE
   CODE SIZE        =    261    ----
   CONSTANT SIZE    =     11    ----
   XDATA SIZE       =   ----    ----
   PDATA SIZE       =   ----    ----
   DATA SIZE        =      1       3
   IDATA SIZE       =   ----    ----
   BIT SIZE         =   ----    ----
END OF MODULE INFORMATION.


C51 COMPILATION COMPLETE.  0 WARNING(S),  0 ERROR(S)
