C51 COMPILER V9.60.0.0   MAIN                                                              10/11/2024 20:18:49 PAGE 1   


C51 COMPILER V9.60.0.0, COMPILATION OF MODULE MAIN
OBJECT MODULE PLACED IN .\Objects\main.obj
COMPILER INVOKED BY: D:\keil\C51\BIN\C51.EXE main.c OPTIMIZE(8,SPEED) BROWSE DEBUG OBJECTEXTEND PRINT(.\Listings\main.ls
                    -t) TABS(2) OBJECT(.\Objects\main.obj)

line level    source

   1          #include <REGX52.H>
   2          #include "LCD1602.h"  //??LCD1602???
   3          #include "Delay.h"    //??Delay???
   4          
   5          int Result=0;
   6          
   7          void main()
   8          {
   9   1        LCD_Init();
  10   1        LCD_ShowNum(1,1,Result,3);
  11   1        while(1)
  12   1        {
  13   2          Result++;         //Result??
  14   2          Delay(1000);        //??1?
  15   2          LCD_ShowNum(1,1,Result,3);  //?LCD?1?1???Result,???3?
  16   2        }
  17   1      }


MODULE INFORMATION:   STATIC OVERLAYABLE
   CODE SIZE        =     48    ----
   CONSTANT SIZE    =   ----    ----
   XDATA SIZE       =   ----    ----
   PDATA SIZE       =   ----    ----
   DATA SIZE        =      2    ----
   IDATA SIZE       =   ----    ----
   BIT SIZE         =   ----    ----
END OF MODULE INFORMATION.


C51 COMPILATION COMPLETE.  0 WARNING(S),  0 ERROR(S)
